<?xml version="1.0" encoding="UTF-8"?>
<testsuite name="org.resqmesh.app.PacketStoreTest" tests="2" skipped="0" failures="0" errors="0" timestamp="2026-09-20T04:59:10" hostname="localhost" time="6.267">
  <properties/>
  <testcase name="duplicatesAndAcknowledgementsSurviveReopen" classname="org.resqmesh.app.PacketStoreTest" time="6.212"/>
  <testcase name="relayPacketKeepsPathAcrossRestart" classname="org.resqmesh.app.PacketStoreTest" time="0.055"/>
  <system-out><![CDATA[]]></system-out>
  <system-err><![CDATA[]]></system-err>
</testsuite>
